{
  "RSpec": {
    "coverage": {
      "/Users/osmonson/turing/3_mod/projects/routes-BE/app/facades/route_facade.rb": {
        "lines": [
          1,
          1,
          1,
          0,
          0,
          null,
          0,
          null,
          0,
          0,
          null,
          0,
          0,
          0,
          0,
          null,
          0,
          null,
          0,
          null,
          0,
          0,
          null,
          0,
          null,
          null,
          null,
          1,
          null,
          1,
          0,
          0,
          0,
          0,
          null,
          0,
          null,
          null,
          0,
          0,
          0,
          null,
          null,
          1,
          0,
          0,
          0,
          0,
          null,
          0,
          null,
          null,
          null,
          null
        ]
      },
      "/Users/osmonson/turing/3_mod/projects/routes-BE/app/models/customer.rb": {
        "lines": [
          1,
          1,
          1,
          null
        ]
      },
      "/Users/osmonson/turing/3_mod/projects/routes-BE/app/models/application_record.rb": {
        "lines": [
          1,
          1,
          null
        ]
      },
      "/Users/osmonson/turing/3_mod/projects/routes-BE/app/models/driver.rb": {
        "lines": [
          1,
          1,
          1,
          null
        ]
      },
      "/Users/osmonson/turing/3_mod/projects/routes-BE/app/models/location.rb": {
        "lines": [
          1,
          1,
          null,
          null,
          1,
          2,
          1,
          null,
          null,
          null,
          null,
          1,
          null,
          null,
          null
        ]
      },
      "/Users/osmonson/turing/3_mod/projects/routes-BE/app/models/waste_company.rb": {
        "lines": [
          1,
          1,
          null
        ]
      },
      "/Users/osmonson/turing/3_mod/projects/routes-BE/app/services/mapquest_service.rb": {
        "lines": [
          1,
          1,
          1,
          null,
          0,
          0,
          null,
          null,
          1,
          0,
          0,
          null,
          null,
          null,
          1,
          0,
          null,
          null,
          null
        ]
      },
      "/Users/osmonson/turing/3_mod/projects/routes-BE/app/controllers/graphql_controller.rb": {
        "lines": [
          1,
          null,
          null,
          null,
          null,
          null,
          1,
          5,
          5,
          5,
          5,
          null,
          null,
          null,
          5,
          5,
          null,
          0,
          0,
          null,
          null,
          1,
          null,
          null,
          1,
          5,
          null,
          0,
          0,
          null,
          0,
          null,
          null,
          0,
          null,
          0,
          null,
          5,
          null,
          0,
          null,
          null,
          null,
          1,
          0,
          0,
          null,
          0,
          null,
          null
        ]
      },
      "/Users/osmonson/turing/3_mod/projects/routes-BE/app/controllers/application_controller.rb": {
        "lines": [
          1,
          null
        ]
      },
      "/Users/osmonson/turing/3_mod/projects/routes-BE/app/graphql/routes_be_schema.rb": {
        "lines": [
          1,
          null,
          null,
          null,
          1,
          1,
          null,
          null,
          1,
          1,
          null,
          null,
          1,
          null
        ]
      },
      "/Users/osmonson/turing/3_mod/projects/routes-BE/app/graphql/types/mutation_type.rb": {
        "lines": [
          1,
          1,
          1,
          1,
          1,
          null,
          null
        ]
      },
      "/Users/osmonson/turing/3_mod/projects/routes-BE/app/graphql/types/base_object.rb": {
        "lines": [
          1,
          1,
          1,
          null,
          null
        ]
      },
      "/Users/osmonson/turing/3_mod/projects/routes-BE/app/graphql/types/base_field.rb": {
        "lines": [
          1,
          1,
          1,
          null,
          null
        ]
      },
      "/Users/osmonson/turing/3_mod/projects/routes-BE/app/graphql/types/base_argument.rb": {
        "lines": [
          1,
          1,
          null,
          null
        ]
      },
      "/Users/osmonson/turing/3_mod/projects/routes-BE/app/graphql/mutations/create_customer.rb": {
        "lines": [
          1,
          1,
          null,
          1,
          1,
          null,
          null,
          1,
          null,
          1,
          0,
          null,
          null,
          null,
          null,
          null,
          null
        ]
      },
      "/Users/osmonson/turing/3_mod/projects/routes-BE/app/graphql/mutations/base_mutation.rb": {
        "lines": [
          1,
          1,
          1,
          null,
          null
        ]
      },
      "/Users/osmonson/turing/3_mod/projects/routes-BE/app/graphql/types/customer_type.rb": {
        "lines": [
          1,
          1,
          1,
          1,
          1,
          null,
          null
        ]
      },
      "/Users/osmonson/turing/3_mod/projects/routes-BE/app/graphql/mutations/create_location.rb": {
        "lines": [
          1,
          1,
          null,
          1,
          1,
          1,
          1,
          1,
          1,
          1,
          null,
          1,
          null,
          1,
          1,
          null,
          null,
          null,
          null,
          null,
          null,
          null,
          null,
          null,
          null,
          null
        ]
      },
      "/Users/osmonson/turing/3_mod/projects/routes-BE/app/graphql/types/location_type.rb": {
        "lines": [
          1,
          1,
          1,
          1,
          1,
          1,
          1,
          1,
          1,
          1,
          null,
          null
        ]
      },
      "/Users/osmonson/turing/3_mod/projects/routes-BE/app/graphql/mutations/update_location.rb": {
        "lines": [
          1,
          1,
          1,
          1,
          1,
          1,
          1,
          1,
          1,
          1,
          null,
          1,
          null,
          1,
          1,
          1,
          null,
          null,
          null,
          null
        ]
      },
      "/Users/osmonson/turing/3_mod/projects/routes-BE/app/graphql/types/query_type.rb": {
        "lines": [
          1,
          1,
          1,
          1,
          1,
          null,
          1,
          1,
          null,
          null,
          1,
          1,
          null,
          null,
          null
        ]
      },
      "/Users/osmonson/turing/3_mod/projects/routes-BE/app/graphql/resolvers/stops_resolver.rb": {
        "lines": [
          1,
          1,
          1,
          null,
          1,
          1,
          1,
          null,
          1,
          0,
          null,
          null,
          null
        ]
      },
      "/Users/osmonson/turing/3_mod/projects/routes-BE/app/graphql/types/route_stop_type.rb": {
        "lines": [
          1,
          1,
          1,
          1,
          1,
          1,
          1,
          1,
          1,
          1,
          1,
          1,
          null,
          null
        ]
      }
    },
    "timestamp": 1639626461
  }
}
